<?xml version="1.0" encoding="UTF-8"?>
<testsuite xmlns:xsi="http://www.w3.org/2001/XMLSchema-instance" xsi:noNamespaceSchemaLocation="https://maven.apache.org/surefire/maven-surefire-plugin/xsd/surefire-test-report-3.0.xsd" version="3.0" name="runners.TestRunner" time="31.53" tests="1" errors="0" skipped="0" failures="0">
  <properties>
[...]
</properties>
  <testcase name="Compra exitosa con cupón y tarjeta de crédito" classname="Compra con tarjeta de crédito" time="30.678">
    <system-out><![CDATA[
Scenario: Compra exitosa con cupón y tarjeta de crédito                                                                                                                                                        &amp#27;[90m# src/test/resources/features/compra.feature:7&amp#27;[0m
>>> Navegador abierto en Home
  &amp#27;[32mGiven &amp#27;[0m&amp#27;[32mel cliente navega a la tienda &amp#27;[0m&amp#27;[32m&amp#27;[1m"Remeras Shop"&amp#27;[0m                                                                                                                                                           &amp#27;[90m# steps.CompraSteps.navegarATienda(java.lang.String)&amp#27;[0m
  &amp#27;[32mAnd &amp#27;[0m&amp#27;[32mel carrito está vacío&amp#27;[0m                                                                                                                                                                                    &amp#27;[90m# steps.CompraSteps.verificarCarritoVacio()&amp#27;[0m
>>> Intentando comprar: Remera Negra Básica
>>> URL detectada: https://remeras-shop.vercel.app/product.html?id=REM-001
  &amp#27;[32mWhen &amp#27;[0m&amp#27;[32mel cliente agrega al carrito la remera &amp#27;[0m&amp#27;[32m&amp#27;[1m"Remera Negra Básica"&amp#27;[0m&amp#27;[32m talle &amp#27;[0m&amp#27;[32m&amp#27;[1m"M"&amp#27;[0m&amp#27;[32m color &amp#27;[0m&amp#27;[32m&amp#27;[1m"negro"&amp#27;[0m&amp#27;[32m cantidad &amp#27;[0m&amp#27;[32m&amp#27;[1m2&amp#27;[0m                                                                                                         &amp#27;[90m# steps.CompraSteps.agregarProducto(java.lang.String,java.lang.String,java.lang.String,int)&amp#27;[0m
>>> Intentando comprar: Remera Blanca Premium
>>> URL detectada: https://remeras-shop.vercel.app/product.html?id=REM-002
  &amp#27;[32mAnd &amp#27;[0m&amp#27;[32mel cliente agrega al carrito la remera &amp#27;[0m&amp#27;[32m&amp#27;[1m"Remera Blanca Premium"&amp#27;[0m&amp#27;[32m talle &amp#27;[0m&amp#27;[32m&amp#27;[1m"L"&amp#27;[0m&amp#27;[32m color &amp#27;[0m&amp#27;[32m&amp#27;[1m"blanco"&amp#27;[0m&amp#27;[32m cantidad &amp#27;[0m&amp#27;[32m&amp#27;[1m1&amp#27;[0m                                                                                                       &amp#27;[90m# steps.CompraSteps.agregarProducto(java.lang.String,java.lang.String,java.lang.String,int)&amp#27;[0m
  &amp#27;[32mAnd &amp#27;[0m&amp#27;[32mel cliente aplica el cupón &amp#27;[0m&amp#27;[32m&amp#27;[1m"CUPON10"&amp#27;[0m                                                                                                                                                                     &amp#27;[90m# steps.CompraSteps.aplicarCupon(java.lang.String)&amp#27;[0m
  &amp#27;[32mAnd &amp#27;[0m&amp#27;[32mel cliente inicia el checkout&amp#27;[0m                                                                                                                                                                            &amp#27;[90m# steps.CompraSteps.iniciarCheckout()&amp#27;[0m
  &amp#27;[32mAnd &amp#27;[0m&amp#27;[32mel cliente completa sus datos de contacto y envío con nombre &amp#27;[0m&amp#27;[32m&amp#27;[1m"Juan Pérez"&amp#27;[0m&amp#27;[32m, email &amp#27;[0m&amp#27;[32m&amp#27;[1m"juan.perez@test.com"&amp#27;[0m&amp#27;[32m, teléfono &amp#27;[0m&amp#27;[32m&amp#27;[1m"3515555555"&amp#27;[0m&amp#27;[32m, dirección &amp#27;[0m&amp#27;[32m&amp#27;[1m"Av. Siempre Viva 123"&amp#27;[0m&amp#27;[32m, ciudad &amp#27;[0m&amp#27;[32m&amp#27;[1m"Córdoba"&amp#27;[0m&amp#27;[32m y código postal &amp#27;[0m&amp#27;[32m&amp#27;[1m"5000"&amp#27;[0m &amp#27;[90m# steps.CompraSteps.completarDatos(java.lang.String,java.lang.String,java.lang.String,java.lang.String,java.lang.String,java.lang.String)&amp#27;[0m
  &amp#27;[32mAnd &amp#27;[0m&amp#27;[32mel cliente selecciona el método de envío &amp#27;[0m&amp#27;[32m&amp#27;[1m"normal"&amp#27;[0m                                                                                                                                                        &amp#27;[90m# steps.CompraSteps.seleccionarEnvio(java.lang.String)&amp#27;[0m
  &amp#27;[32mAnd &amp#27;[0m&amp#27;[32mel cliente selecciona el método de pago &amp#27;[0m&amp#27;[32m&amp#27;[1m"Tarjeta de crédito"&amp#27;[0m                                                                                                                                             &amp#27;[90m# steps.CompraSteps.seleccionarPago(java.lang.String)&amp#27;[0m
  &amp#27;[32mAnd &amp#27;[0m&amp#27;[32mel cliente ingresa la tarjeta número &amp#27;[0m&amp#27;[32m&amp#27;[1m"4111111111111111"&amp#27;[0m&amp#27;[32m vencimiento &amp#27;[0m&amp#27;[32m&amp#27;[1m"12/30"&amp#27;[0m&amp#27;[32m y cvv &amp#27;[0m&amp#27;[32m&amp#27;[1m"123"&amp#27;[0m                                                                                                                  &amp#27;[90m# steps.CompraSteps.datosTarjeta(java.lang.String,java.lang.String,java.lang.String)&amp#27;[0m
  &amp#27;[32mAnd &amp#27;[0m&amp#27;[32mel cliente confirma la compra&amp#27;[0m                                                                                                                                                                            &amp#27;[90m# steps.CompraSteps.confirmar()&amp#27;[0m
  &amp#27;[32mThen &amp#27;[0m&amp#27;[32mel sistema muestra el estado de pago &amp#27;[0m&amp#27;[32m&amp#27;[1m"Pago confirmado"&amp#27;[0m                                                                                                                                                  &amp#27;[90m# steps.CompraSteps.validarEstado(java.lang.String)&amp#27;[0m
  &amp#27;[32mAnd &amp#27;[0m&amp#27;[32mel sistema muestra un número de pedido con prefijo &amp#27;[0m&amp#27;[32m&amp#27;[1m"ORD-"&amp#27;[0m                                                                                                                                                &amp#27;[90m# steps.CompraSteps.validarOrden(java.lang.String)&amp#27;[0m
  &amp#27;[32mAnd &amp#27;[0m&amp#27;[32mel resumen del pedido es visible&amp#27;[0m                                                                                                                                                                         &amp#27;[90m# steps.CompraSteps.validarResumen()&amp#27;[0m
  &amp#27;[32mAnd &amp#27;[0m&amp#27;[32mla URL contiene &amp#27;[0m&amp#27;[32m&amp#27;[1m"/confirmation"&amp#27;[0m                                                                                                                                                                          &amp#27;[90m# steps.CompraSteps.validarUrl(java.lang.String)&amp#27;[0m
  &amp#27;[32mAnd &amp#27;[0m&amp#27;[32mel botón &amp#27;[0m&amp#27;[32m&amp#27;[1m"Volver a productos"&amp#27;[0m&amp#27;[32m está visible y habilitado&amp#27;[0m                                                                                                                                                  &amp#27;[90m# steps.CompraSteps.validarBotonFinal(java.lang.String)&amp#27;[0m
]]></system-out>
    <system-err><![CDATA[dic 28, 2025 9:59:32 P. M. org.openqa.selenium.devtools.CdpVersionFinder findNearestMatch
WARNING: Unable to find CDP implementation matching 143
dic 28, 2025 9:59:32 P. M. org.openqa.selenium.chromium.ChromiumDriver lambda$new$5
WARNING: Unable to find version of CDP to use for 143.0.7499.170. You may need to include a dependency on a specific version of the CDP using something similar to `org.seleniumhq.selenium:selenium-devtools-v86:4.21.0` where the version ("v86") matches the version of the chromium-based browser you're using and the version number of the artifact is the same as Selenium's.
]]></system-err>
  </testcase>
</testsuite>